<?xml version="1.0" encoding="UTF-8" ?>
<testsuite failures="0" time="0.008" errors="0" skipped="0" tests="1" name="com.imooc.maven01.model.HelloWorldTest">
  <properties>
    <property name="java.runtime.name" value="Java(TM) SE Runtime Environment"/>
    <property name="sun.boot.library.path" value="D:\DevSoft\sapjvm_7\jre\bin"/>
    <property name="java.vm.version" value="7.1.050 25.51-b10"/>
    <property name="com.sap.vm.compressedoops" value="true"/>
    <property name="java.vm.vendor" value="SAP AG"/>
    <property name="maven.multiModuleProjectDirectory" value="D:\mavenProject\MavenLearning"/>
    <property name="java.vendor.url" value="http://www.sap.com/"/>
    <property name="path.separator" value=";"/>
    <property name="guice.disable.misplaced.annotation.check" value="true"/>
    <property name="java.vm.name" value="SAP Java Server VM"/>
    <property name="file.encoding.pkg" value="sun.io"/>
    <property name="user.script" value=""/>
    <property name="user.country" value="CN"/>
    <property name="sun.java.launcher" value="SAP_STANDARD"/>
    <property name="sun.os.patch.level" value=""/>
    <property name="java.vm.compressedOopsMode" value="32-bits Oops"/>
    <property name="java.vm.specification.name" value="Java Virtual Machine Specification"/>
    <property name="user.dir" value="D:\mavenProject\MavenLearning"/>
    <property name="com.sap.vm.codeline" value="71_REL"/>
    <property name="java.runtime.version" value="7.1.050"/>
    <property name="java.awt.graphicsenv" value="sun.awt.Win32GraphicsEnvironment"/>
    <property name="java.endorsed.dirs" value="D:\DevSoft\sapjvm_7\jre\lib\endorsed"/>
    <property name="os.arch" value="amd64"/>
    <property name="java.io.tmpdir" value="C:\Users\LUSHUA~1\AppData\Local\Temp\"/>
    <property name="line.separator" value="
"/>
    <property name="java.vm.specification.vendor" value="Oracle Corporation"/>
    <property name="user.variant" value=""/>
    <property name="os.name" value="Windows 10"/>
    <property name="com.sap.vm.type" value="opt"/>
    <property name="classworlds.conf" value="D:\DevSoft\apache-maven-3.5.0\bin\..\bin\m2.conf"/>
    <property name="sun.jnu.encoding" value="GBK"/>
    <property name="java.library.path" value="D:\DevSoft\sapjvm_7\bin;C:\Windows\Sun\Java\bin;C:\Windows\system32;C:\Windows;C:\Program Files (x86)\Intel\Intel(R) Management Engine Components\iCLS\;C:\Program Files\Intel\Intel(R) Management Engine Components\iCLS\;C:\Windows\system32;C:\Windows;C:\Windows\System32\Wbem;C:\Windows\System32\WindowsPowerShell\v1.0\;C:\Windows\System32\OpenSSH\;C:\Program Files (x86)\Intel\Intel(R) Management Engine Components\DAL;C:\Program Files\Intel\Intel(R) Management Engine Components\DAL;C:\Program Files (x86)\Intel\Intel(R) Management Engine Components\IPT;C:\Program Files\Intel\Intel(R) Management Engine Components\IPT;C:\Program Files (x86)\NVIDIA Corporation\PhysX\Common;C:\Program Files\Intel\WiFi\bin\;C:\Program Files\Common Files\Intel\WirelessCommon\;D:\DevSoft\sapjvm_7\bin;C:\Program Files\Git\cmd;C:\Users\lushuangqing\AppData\Local\Microsoft\WindowsApps;D:\DevSoft\gradle\bin;D:\DevSoft\apache-ant-1.9.11\bin;D:\DevSoft\apache-maven-3.5.0\bin;;."/>
    <property name="maven.conf" value="D:\DevSoft\apache-maven-3.5.0\bin\../conf"/>
    <property name="java.class.version" value="51.0"/>
    <property name="com.sap.vm.version" value="10"/>
    <property name="java.specification.name" value="Java Platform API Specification"/>
    <property name="sun.management.compiler" value="HotSpot 64-Bit Tiered Compilers"/>
    <property name="os.version" value="10.0"/>
    <property name="library.jansi.path" value="D:\DevSoft\apache-maven-3.5.0\bin\..\lib\jansi-native\windows64"/>
    <property name="user.home" value="C:\Users\lushuangqing"/>
    <property name="user.timezone" value="Asia/Shanghai"/>
    <property name="java.awt.printerjob" value="sun.awt.windows.WPrinterJob"/>
    <property name="java.specification.version" value="1.7"/>
    <property name="file.encoding" value="GBK"/>
    <property name="user.name" value="lushuangqing"/>
    <property name="java.class.path" value="D:\DevSoft\apache-maven-3.5.0\bin\..\boot\plexus-classworlds-2.5.2.jar"/>
    <property name="java.vm.specification.version" value="1.7"/>
    <property name="sun.arch.data.model" value="64"/>
    <property name="java.home" value="D:\DevSoft\sapjvm_7\jre"/>
    <property name="java.specification.vendor" value="Oracle Corporation"/>
    <property name="user.language" value="zh"/>
    <property name="awt.toolkit" value="sun.awt.windows.WToolkit"/>
    <property name="java.vm.info" value="Apr 26 2017 15:09:22 - 71_REL - optU - windows amd64 - 6 - bas2:288494 (mixed mode)"/>
    <property name="java.version" value="1.7.0_141"/>
    <property name="java.ext.dirs" value="D:\DevSoft\sapjvm_7\jre\lib\ext-sap;D:\DevSoft\sapjvm_7\jre\lib\ext;C:\Windows\Sun\Java\lib\ext"/>
    <property name="sun.boot.class.path" value="D:\DevSoft\sapjvm_7\jre\lib\sapjvm-alt-rt.jar;D:\DevSoft\sapjvm_7\jre\lib\resources.jar;D:\DevSoft\sapjvm_7\jre\lib\rt.jar;D:\DevSoft\sapjvm_7\jre\lib\sunrsasign.jar;D:\DevSoft\sapjvm_7\jre\lib\jsse.jar;D:\DevSoft\sapjvm_7\jre\lib\jce.jar;D:\DevSoft\sapjvm_7\jre\lib\charsets.jar;D:\DevSoft\sapjvm_7\jre\lib\jfr.jar;D:\DevSoft\sapjvm_7\jre\classes"/>
    <property name="java.vendor" value="SAP AG"/>
    <property name="maven.home" value="D:\DevSoft\apache-maven-3.5.0\bin\.."/>
    <property name="file.separator" value="\"/>
    <property name="java.vendor.url.bug" value="https://support.sap.com"/>
    <property name="sun.cds.enableSharedLookupCache" value="false"/>
    <property name="sun.cpu.endian" value="little"/>
    <property name="sun.io.unicode.encoding" value="UnicodeLittle"/>
    <property name="com.sap.vm.profilingserver" value="true"/>
    <property name="sun.desktop" value="windows"/>
    <property name="sun.cpu.isalist" value="amd64"/>
  </properties>
  <testcase time="0.008" classname="com.imooc.maven01.model.HelloWorldTest" name="testHello"/>
</testsuite>